<?xml version="1.0" encoding="UTF-8"?>
<coverage generated="1767294291406" clover="3.2.0">
  <project timestamp="1767294291406" name="All files">
    <metrics statements="143" coveredstatements="140" conditionals="66" coveredconditionals="49" methods="42" coveredmethods="42" elements="251" coveredelements="231" complexity="0" loc="143" ncloc="143" packages="4" files="15" classes="15"/>
    <package name="provider.mock">
      <metrics statements="16" coveredstatements="15" conditionals="6" coveredconditionals="5" methods="5" coveredmethods="5"/>
      <file name="SpotifyProviderMock.ts" path="/home/arthur/projetos/api-spotify/api-spotify-backend/src/provider/mock/SpotifyProviderMock.ts">
        <metrics statements="16" coveredstatements="15" conditionals="6" coveredconditionals="5" methods="5" coveredmethods="5"/>
        <line num="12" count="2" type="stmt"/>
        <line num="129" count="2" type="stmt"/>
        <line num="132" count="2" type="stmt"/>
        <line num="169" count="2" type="stmt"/>
        <line num="173" count="4" type="cond" truecount="2" falsecount="0"/>
        <line num="174" count="1" type="stmt"/>
        <line num="177" count="3" type="stmt"/>
        <line num="182" count="3" type="stmt"/>
        <line num="186" count="4" type="cond" truecount="2" falsecount="0"/>
        <line num="187" count="1" type="stmt"/>
        <line num="190" count="3" type="stmt"/>
        <line num="196" count="3" type="stmt"/>
        <line num="199" count="2" type="cond" truecount="1" falsecount="1"/>
        <line num="200" count="0" type="stmt"/>
        <line num="202" count="2" type="stmt"/>
        <line num="208" count="2" type="stmt"/>
      </file>
    </package>
    <package name="repository.in-memory-repository">
      <metrics statements="49" coveredstatements="47" conditionals="38" coveredconditionals="24" methods="20" coveredmethods="20"/>
      <file name="in-memory-artist-rankings-repository.ts" path="/home/arthur/projetos/api-spotify/api-spotify-backend/src/repository/in-memory-repository/in-memory-artist-rankings-repository.ts">
        <metrics statements="4" coveredstatements="4" conditionals="2" coveredconditionals="1" methods="2" coveredmethods="2"/>
        <line num="9" count="4" type="stmt"/>
        <line num="13" count="6" type="stmt"/>
        <line num="20" count="2" type="stmt"/>
        <line num="21" count="2" type="stmt"/>
      </file>
      <file name="in-memory-artists-repository.ts" path="/home/arthur/projetos/api-spotify/api-spotify-backend/src/repository/in-memory-repository/in-memory-artists-repository.ts">
        <metrics statements="8" coveredstatements="7" conditionals="6" coveredconditionals="2" methods="3" coveredmethods="3"/>
        <line num="7" count="4" type="stmt"/>
        <line num="9" count="2" type="stmt"/>
        <line num="10" count="6" type="stmt"/>
        <line num="12" count="6" type="cond" truecount="1" falsecount="1"/>
        <line num="13" count="6" type="stmt"/>
        <line num="20" count="6" type="stmt"/>
        <line num="21" count="6" type="stmt"/>
        <line num="23" count="0" type="stmt"/>
      </file>
      <file name="in-memory-snap-shots-repository.ts" path="/home/arthur/projetos/api-spotify/api-spotify-backend/src/repository/in-memory-repository/in-memory-snap-shots-repository.ts">
        <metrics statements="13" coveredstatements="13" conditionals="8" coveredconditionals="7" methods="3" coveredmethods="3"/>
        <line num="7" count="4" type="stmt"/>
        <line num="9" count="3" type="stmt"/>
        <line num="10" count="3" type="stmt"/>
        <line num="12" count="3" type="stmt"/>
        <line num="13" count="1" type="stmt"/>
        <line num="15" count="1" type="cond" truecount="2" falsecount="0"/>
        <line num="18" count="1" type="cond" truecount="2" falsecount="0"/>
        <line num="21" count="3" type="cond" truecount="2" falsecount="0"/>
        <line num="22" count="2" type="stmt"/>
        <line num="24" count="1" type="stmt"/>
        <line num="27" count="3" type="stmt"/>
        <line num="34" count="3" type="stmt"/>
        <line num="35" count="3" type="stmt"/>
      </file>
      <file name="in-memory-track-rankings-repository.ts" path="/home/arthur/projetos/api-spotify/api-spotify-backend/src/repository/in-memory-repository/in-memory-track-rankings-repository.ts">
        <metrics statements="4" coveredstatements="4" conditionals="2" coveredconditionals="1" methods="2" coveredmethods="2"/>
        <line num="9" count="4" type="stmt"/>
        <line num="13" count="6" type="stmt"/>
        <line num="20" count="2" type="stmt"/>
        <line num="21" count="2" type="stmt"/>
      </file>
      <file name="in-memory-track-repository.ts" path="/home/arthur/projetos/api-spotify/api-spotify-backend/src/repository/in-memory-repository/in-memory-track-repository.ts">
        <metrics statements="8" coveredstatements="7" conditionals="6" coveredconditionals="2" methods="3" coveredmethods="3"/>
        <line num="7" count="4" type="stmt"/>
        <line num="9" count="2" type="stmt"/>
        <line num="10" count="6" type="stmt"/>
        <line num="12" count="6" type="cond" truecount="1" falsecount="1"/>
        <line num="13" count="6" type="stmt"/>
        <line num="21" count="6" type="stmt"/>
        <line num="22" count="6" type="stmt"/>
        <line num="24" count="0" type="stmt"/>
      </file>
      <file name="in-memory-user-repository.ts" path="/home/arthur/projetos/api-spotify/api-spotify-backend/src/repository/in-memory-repository/in-memory-user-repository.ts">
        <metrics statements="12" coveredstatements="12" conditionals="14" coveredconditionals="11" methods="7" coveredmethods="7"/>
        <line num="7" count="12" type="stmt"/>
        <line num="10" count="10" type="stmt"/>
        <line num="12" count="10" type="cond" truecount="2" falsecount="0"/>
        <line num="16" count="2" type="stmt"/>
        <line num="18" count="2" type="cond" truecount="2" falsecount="0"/>
        <line num="22" count="9" type="stmt"/>
        <line num="34" count="9" type="stmt"/>
        <line num="35" count="9" type="stmt"/>
        <line num="38" count="5" type="stmt"/>
        <line num="40" count="5" type="cond" truecount="1" falsecount="1"/>
        <line num="41" count="5" type="stmt"/>
        <line num="44" count="5" type="stmt"/>
      </file>
    </package>
    <package name="services">
      <metrics statements="73" coveredstatements="73" conditionals="22" coveredconditionals="20" methods="12" coveredmethods="12"/>
      <file name="authenticateUser.ts" path="/home/arthur/projetos/api-spotify/api-spotify-backend/src/services/authenticateUser.ts">
        <metrics statements="20" coveredstatements="20" conditionals="6" coveredconditionals="6" methods="2" coveredmethods="2"/>
        <line num="17" count="4" type="stmt"/>
        <line num="18" count="4" type="stmt"/>
        <line num="24" count="4" type="stmt"/>
        <line num="26" count="4" type="cond" truecount="2" falsecount="0"/>
        <line num="27" count="1" type="stmt"/>
        <line num="30" count="3" type="stmt"/>
        <line num="32" count="3" type="stmt"/>
        <line num="34" count="3" type="cond" truecount="2" falsecount="0"/>
        <line num="35" count="1" type="stmt"/>
        <line num="38" count="2" type="stmt"/>
        <line num="40" count="2" type="stmt"/>
        <line num="42" count="2" type="stmt"/>
        <line num="46" count="2" type="cond" truecount="2" falsecount="0"/>
        <line num="47" count="1" type="stmt"/>
        <line num="48" count="1" type="stmt"/>
        <line num="49" count="1" type="stmt"/>
        <line num="51" count="1" type="stmt"/>
        <line num="53" count="1" type="stmt"/>
        <line num="55" count="1" type="stmt"/>
        <line num="66" count="2" type="stmt"/>
      </file>
      <file name="refresh-token.ts" path="/home/arthur/projetos/api-spotify/api-spotify-backend/src/services/refresh-token.ts">
        <metrics statements="16" coveredstatements="16" conditionals="6" coveredconditionals="6" methods="2" coveredmethods="2"/>
        <line num="18" count="6" type="stmt"/>
        <line num="19" count="6" type="stmt"/>
        <line num="27" count="6" type="stmt"/>
        <line num="29" count="6" type="cond" truecount="2" falsecount="0"/>
        <line num="30" count="1" type="stmt"/>
        <line num="33" count="5" type="stmt"/>
        <line num="35" count="5" type="stmt"/>
        <line num="39" count="5" type="cond" truecount="2" falsecount="0"/>
        <line num="40" count="1" type="stmt"/>
        <line num="43" count="4" type="stmt"/>
        <line num="45" count="4" type="stmt"/>
        <line num="47" count="4" type="stmt"/>
        <line num="48" count="4" type="stmt"/>
        <line num="49" count="4" type="cond" truecount="2" falsecount="0"/>
        <line num="51" count="6" type="stmt"/>
        <line num="53" count="4" type="stmt"/>
      </file>
      <file name="sync-top-stats.ts" path="/home/arthur/projetos/api-spotify/api-spotify-backend/src/services/sync-top-stats.ts">
        <metrics statements="37" coveredstatements="37" conditionals="10" coveredconditionals="8" methods="8" coveredmethods="8"/>
        <line num="26" count="6" type="cond" truecount="1" falsecount="1"/>
        <line num="27" count="6" type="stmt"/>
        <line num="35" count="6" type="cond" truecount="1" falsecount="1"/>
        <line num="36" count="6" type="stmt"/>
        <line num="49" count="6" type="stmt"/>
        <line num="62" count="6" type="stmt"/>
        <line num="72" count="4" type="stmt"/>
        <line num="73" count="4" type="stmt"/>
        <line num="74" count="4" type="stmt"/>
        <line num="75" count="4" type="stmt"/>
        <line num="76" count="4" type="stmt"/>
        <line num="77" count="4" type="stmt"/>
        <line num="78" count="4" type="stmt"/>
        <line num="84" count="4" type="stmt"/>
        <line num="86" count="4" type="cond" truecount="2" falsecount="0"/>
        <line num="87" count="1" type="stmt"/>
        <line num="90" count="3" type="cond" truecount="2" falsecount="0"/>
        <line num="91" count="2" type="stmt"/>
        <line num="96" count="2" type="stmt"/>
        <line num="99" count="3" type="stmt"/>
        <line num="104" count="3" type="cond" truecount="2" falsecount="0"/>
        <line num="105" count="1" type="stmt"/>
        <line num="108" count="2" type="stmt"/>
        <line num="109" count="2" type="stmt"/>
        <line num="110" count="2" type="stmt"/>
        <line num="111" count="2" type="stmt"/>
        <line num="113" count="2" type="stmt"/>
        <line num="115" count="2" type="stmt"/>
        <line num="116" count="2" type="stmt"/>
        <line num="118" count="2" type="stmt"/>
        <line num="119" count="6" type="stmt"/>
        <line num="122" count="2" type="stmt"/>
        <line num="123" count="6" type="stmt"/>
        <line num="126" count="2" type="stmt"/>
        <line num="127" count="2" type="stmt"/>
        <line num="129" count="2" type="stmt"/>
        <line num="130" count="2" type="stmt"/>
      </file>
    </package>
    <package name="services.errors">
      <metrics statements="5" coveredstatements="5" conditionals="0" coveredconditionals="0" methods="5" coveredmethods="5"/>
      <file name="authentication-Error.ts" path="/home/arthur/projetos/api-spotify/api-spotify-backend/src/services/errors/authentication-Error.ts">
        <metrics statements="1" coveredstatements="1" conditionals="0" coveredconditionals="0" methods="1" coveredmethods="1"/>
        <line num="3" count="1" type="stmt"/>
      </file>
      <file name="get-profile-error.ts" path="/home/arthur/projetos/api-spotify/api-spotify-backend/src/services/errors/get-profile-error.ts">
        <metrics statements="1" coveredstatements="1" conditionals="0" coveredconditionals="0" methods="1" coveredmethods="1"/>
        <line num="3" count="1" type="stmt"/>
      </file>
      <file name="refresh-token-expired-error.ts" path="/home/arthur/projetos/api-spotify/api-spotify-backend/src/services/errors/refresh-token-expired-error.ts">
        <metrics statements="1" coveredstatements="1" conditionals="0" coveredconditionals="0" methods="1" coveredmethods="1"/>
        <line num="3" count="1" type="stmt"/>
      </file>
      <file name="sync-already-done-error.ts" path="/home/arthur/projetos/api-spotify/api-spotify-backend/src/services/errors/sync-already-done-error.ts">
        <metrics statements="1" coveredstatements="1" conditionals="0" coveredconditionals="0" methods="1" coveredmethods="1"/>
        <line num="3" count="1" type="stmt"/>
      </file>
      <file name="user- not-found-erro.ts" path="/home/arthur/projetos/api-spotify/api-spotify-backend/src/services/errors/user- not-found-erro.ts">
        <metrics statements="1" coveredstatements="1" conditionals="0" coveredconditionals="0" methods="1" coveredmethods="1"/>
        <line num="3" count="2" type="stmt"/>
      </file>
    </package>
  </project>
</coverage>
