{"/home/arthur/projetos/api-spotify/api-spotify-backend/src/provider/mock/SpotifyProviderMock.ts": {"path":"/home/arthur/projetos/api-spotify/api-spotify-backend/src/provider/mock/SpotifyProviderMock.ts","statementMap":{"0":{"start":{"line":10,"column":4},"end":{"line":12,"column":null}},"1":{"start":{"line":11,"column":6},"end":{"line":11,"column":null}},"2":{"start":{"line":14,"column":58},"end":{"line":18,"column":null}},"3":{"start":{"line":19,"column":4},"end":{"line":19,"column":null}},"4":{"start":{"line":23,"column":4},"end":{"line":25,"column":null}},"5":{"start":{"line":24,"column":6},"end":{"line":24,"column":null}},"6":{"start":{"line":27,"column":60},"end":{"line":31,"column":null}},"7":{"start":{"line":33,"column":4},"end":{"line":33,"column":null}},"8":{"start":{"line":36,"column":4},"end":{"line":38,"column":null}},"9":{"start":{"line":37,"column":6},"end":{"line":37,"column":null}},"10":{"start":{"line":39,"column":51},"end":{"line":42,"column":null}},"11":{"start":{"line":43,"column":4},"end":{"line":43,"column":null}}},"fnMap":{"0":{"name":"(anonymous_0)","decl":{"start":{"line":9,"column":8},"end":{"line":9,"column":26}},"loc":{"start":{"line":9,"column":48},"end":{"line":20,"column":null}},"line":9},"1":{"name":"(anonymous_1)","decl":{"start":{"line":22,"column":8},"end":{"line":22,"column":24}},"loc":{"start":{"line":22,"column":38},"end":{"line":34,"column":null}},"line":22},"2":{"name":"(anonymous_2)","decl":{"start":{"line":35,"column":8},"end":{"line":35,"column":14}},"loc":{"start":{"line":35,"column":35},"end":{"line":44,"column":null}},"line":35}},"branchMap":{"0":{"loc":{"start":{"line":10,"column":4},"end":{"line":12,"column":null}},"type":"if","locations":[{"start":{"line":10,"column":4},"end":{"line":12,"column":null}},{"start":{},"end":{}}],"line":10},"1":{"loc":{"start":{"line":23,"column":4},"end":{"line":25,"column":null}},"type":"if","locations":[{"start":{"line":23,"column":4},"end":{"line":25,"column":null}},{"start":{},"end":{}}],"line":23},"2":{"loc":{"start":{"line":36,"column":4},"end":{"line":38,"column":null}},"type":"if","locations":[{"start":{"line":36,"column":4},"end":{"line":38,"column":null}},{"start":{},"end":{}}],"line":36}},"s":{"0":2,"1":1,"2":1,"3":1,"4":4,"5":1,"6":3,"7":3,"8":2,"9":0,"10":2,"11":2},"f":{"0":2,"1":4,"2":2},"b":{"0":[1,1],"1":[1,3],"2":[0,2]},"meta":{"lastBranch":3,"lastFunction":3,"lastStatement":12,"seen":{"f:9:8:9:26":0,"b:10:4:12:Infinity:undefined:undefined:undefined:undefined":0,"s:10:4:12:Infinity":0,"s:11:6:11:Infinity":1,"s:14:58:18:Infinity":2,"s:19:4:19:Infinity":3,"f:22:8:22:24":1,"b:23:4:25:Infinity:undefined:undefined:undefined:undefined":1,"s:23:4:25:Infinity":4,"s:24:6:24:Infinity":5,"s:27:60:31:Infinity":6,"s:33:4:33:Infinity":7,"f:35:8:35:14":2,"b:36:4:38:Infinity:undefined:undefined:undefined:undefined":2,"s:36:4:38:Infinity":8,"s:37:6:37:Infinity":9,"s:39:51:42:Infinity":10,"s:43:4:43:Infinity":11}}}
,"/home/arthur/projetos/api-spotify/api-spotify-backend/src/repository/in-memory-repository/in-memory-user-repository.ts": {"path":"/home/arthur/projetos/api-spotify/api-spotify-backend/src/repository/in-memory-repository/in-memory-user-repository.ts","statementMap":{"0":{"start":{"line":7,"column":25},"end":{"line":7,"column":null}},"1":{"start":{"line":10,"column":17},"end":{"line":10,"column":null}},"2":{"start":{"line":10,"column":43},"end":{"line":10,"column":57}},"3":{"start":{"line":12,"column":4},"end":{"line":12,"column":null}},"4":{"start":{"line":16,"column":17},"end":{"line":16,"column":null}},"5":{"start":{"line":16,"column":43},"end":{"line":16,"column":64}},"6":{"start":{"line":18,"column":4},"end":{"line":18,"column":null}},"7":{"start":{"line":22,"column":23},"end":{"line":30,"column":null}},"8":{"start":{"line":31,"column":4},"end":{"line":31,"column":null}},"9":{"start":{"line":32,"column":4},"end":{"line":32,"column":null}},"10":{"start":{"line":35,"column":22},"end":{"line":35,"column":null}},"11":{"start":{"line":35,"column":53},"end":{"line":35,"column":72}},"12":{"start":{"line":37,"column":4},"end":{"line":39,"column":null}},"13":{"start":{"line":38,"column":6},"end":{"line":38,"column":null}},"14":{"start":{"line":41,"column":4},"end":{"line":41,"column":null}}},"fnMap":{"0":{"name":"(anonymous_0)","decl":{"start":{"line":9,"column":8},"end":{"line":9,"column":21}},"loc":{"start":{"line":9,"column":33},"end":{"line":13,"column":null}},"line":9},"1":{"name":"(anonymous_1)","decl":{"start":{"line":10,"column":33},"end":{"line":10,"column":34}},"loc":{"start":{"line":10,"column":43},"end":{"line":10,"column":57}},"line":10},"2":{"name":"(anonymous_2)","decl":{"start":{"line":15,"column":8},"end":{"line":15,"column":24}},"loc":{"start":{"line":15,"column":36},"end":{"line":19,"column":null}},"line":15},"3":{"name":"(anonymous_3)","decl":{"start":{"line":16,"column":33},"end":{"line":16,"column":34}},"loc":{"start":{"line":16,"column":43},"end":{"line":16,"column":64}},"line":16},"4":{"name":"(anonymous_4)","decl":{"start":{"line":21,"column":8},"end":{"line":21,"column":15}},"loc":{"start":{"line":21,"column":38},"end":{"line":33,"column":null}},"line":21},"5":{"name":"(anonymous_5)","decl":{"start":{"line":34,"column":8},"end":{"line":34,"column":15}},"loc":{"start":{"line":34,"column":27},"end":{"line":42,"column":null}},"line":34},"6":{"name":"(anonymous_6)","decl":{"start":{"line":35,"column":43},"end":{"line":35,"column":44}},"loc":{"start":{"line":35,"column":53},"end":{"line":35,"column":72}},"line":35}},"branchMap":{"0":{"loc":{"start":{"line":12,"column":11},"end":{"line":12,"column":null}},"type":"cond-expr","locations":[{"start":{"line":12,"column":18},"end":{"line":12,"column":25}},{"start":{"line":12,"column":25},"end":{"line":12,"column":null}}],"line":12},"1":{"loc":{"start":{"line":18,"column":11},"end":{"line":18,"column":null}},"type":"cond-expr","locations":[{"start":{"line":18,"column":18},"end":{"line":18,"column":25}},{"start":{"line":18,"column":25},"end":{"line":18,"column":null}}],"line":18},"2":{"loc":{"start":{"line":23,"column":12},"end":{"line":23,"column":null}},"type":"binary-expr","locations":[{"start":{"line":23,"column":12},"end":{"line":23,"column":25}},{"start":{"line":23,"column":25},"end":{"line":23,"column":null}}],"line":23},"3":{"loc":{"start":{"line":24,"column":10},"end":{"line":24,"column":null}},"type":"cond-expr","locations":[{"start":{"line":24,"column":20},"end":{"line":24,"column":30}},{"start":{"line":24,"column":25},"end":{"line":24,"column":null}}],"line":24},"4":{"loc":{"start":{"line":37,"column":4},"end":{"line":39,"column":null}},"type":"if","locations":[{"start":{"line":37,"column":4},"end":{"line":39,"column":null}},{"start":{},"end":{}}],"line":37}},"s":{"0":8,"1":4,"2":4,"3":4,"4":2,"5":1,"6":2,"7":6,"8":6,"9":6,"10":3,"11":3,"12":3,"13":3,"14":3},"f":{"0":4,"1":4,"2":2,"3":1,"4":6,"5":3,"6":3},"b":{"0":[3,1],"1":[1,1],"2":[6,6],"3":[4,2],"4":[3,0]},"meta":{"lastBranch":5,"lastFunction":7,"lastStatement":15,"seen":{"s:7:25:7:Infinity":0,"f:9:8:9:21":0,"s:10:17:10:Infinity":1,"f:10:33:10:34":1,"s:10:43:10:57":2,"s:12:4:12:Infinity":3,"b:12:18:12:25:12:25:12:Infinity":0,"f:15:8:15:24":2,"s:16:17:16:Infinity":4,"f:16:33:16:34":3,"s:16:43:16:64":5,"s:18:4:18:Infinity":6,"b:18:18:18:25:18:25:18:Infinity":1,"f:21:8:21:15":4,"s:22:23:30:Infinity":7,"b:23:12:23:25:23:25:23:Infinity":2,"b:24:20:24:30:24:25:24:Infinity":3,"s:31:4:31:Infinity":8,"s:32:4:32:Infinity":9,"f:34:8:34:15":5,"s:35:22:35:Infinity":10,"f:35:43:35:44":6,"s:35:53:35:72":11,"b:37:4:39:Infinity:undefined:undefined:undefined:undefined":4,"s:37:4:39:Infinity":12,"s:38:6:38:Infinity":13,"s:41:4:41:Infinity":14}}}
,"/home/arthur/projetos/api-spotify/api-spotify-backend/src/services/authenticateUser.ts": {"path":"/home/arthur/projetos/api-spotify/api-spotify-backend/src/services/authenticateUser.ts","statementMap":{"0":{"start":{"line":17,"column":12},"end":{"line":17,"column":null}},"1":{"start":{"line":18,"column":12},"end":{"line":18,"column":null}},"2":{"start":{"line":24,"column":26},"end":{"line":24,"column":null}},"3":{"start":{"line":26,"column":4},"end":{"line":28,"column":null}},"4":{"start":{"line":27,"column":6},"end":{"line":27,"column":null}},"5":{"start":{"line":30,"column":54},"end":{"line":30,"column":null}},"6":{"start":{"line":32,"column":27},"end":{"line":32,"column":null}},"7":{"start":{"line":34,"column":4},"end":{"line":36,"column":null}},"8":{"start":{"line":35,"column":6},"end":{"line":35,"column":null}},"9":{"start":{"line":38,"column":33},"end":{"line":38,"column":null}},"10":{"start":{"line":40,"column":22},"end":{"line":40,"column":null}},"11":{"start":{"line":42,"column":23},"end":{"line":42,"column":null}},"12":{"start":{"line":46,"column":4},"end":{"line":62,"column":null}},"13":{"start":{"line":47,"column":6},"end":{"line":47,"column":null}},"14":{"start":{"line":48,"column":6},"end":{"line":48,"column":null}},"15":{"start":{"line":49,"column":6},"end":{"line":49,"column":null}},"16":{"start":{"line":51,"column":6},"end":{"line":51,"column":null}},"17":{"start":{"line":53,"column":6},"end":{"line":53,"column":null}},"18":{"start":{"line":55,"column":6},"end":{"line":61,"column":null}},"19":{"start":{"line":64,"column":4},"end":{"line":64,"column":null}}},"fnMap":{"0":{"name":"(anonymous_0)","decl":{"start":{"line":16,"column":2},"end":{"line":16,"column":null}},"loc":{"start":{"line":19,"column":4},"end":{"line":19,"column":null}},"line":19},"1":{"name":"(anonymous_1)","decl":{"start":{"line":21,"column":8},"end":{"line":21,"column":16}},"loc":{"start":{"line":23,"column":79},"end":{"line":65,"column":null}},"line":23}},"branchMap":{"0":{"loc":{"start":{"line":26,"column":4},"end":{"line":28,"column":null}},"type":"if","locations":[{"start":{"line":26,"column":4},"end":{"line":28,"column":null}},{"start":{},"end":{}}],"line":26},"1":{"loc":{"start":{"line":34,"column":4},"end":{"line":36,"column":null}},"type":"if","locations":[{"start":{"line":34,"column":4},"end":{"line":36,"column":null}},{"start":{},"end":{}}],"line":34},"2":{"loc":{"start":{"line":46,"column":4},"end":{"line":62,"column":null}},"type":"if","locations":[{"start":{"line":46,"column":4},"end":{"line":62,"column":null}},{"start":{"line":54,"column":11},"end":{"line":62,"column":null}}],"line":46}},"s":{"0":4,"1":4,"2":4,"3":4,"4":1,"5":3,"6":3,"7":3,"8":1,"9":2,"10":2,"11":2,"12":2,"13":1,"14":1,"15":1,"16":1,"17":1,"18":1,"19":2},"f":{"0":4,"1":4},"b":{"0":[1,3],"1":[1,2],"2":[1,1]},"meta":{"lastBranch":3,"lastFunction":2,"lastStatement":20,"seen":{"f:16:2:16:Infinity":0,"s:17:12:17:Infinity":0,"s:18:12:18:Infinity":1,"f:21:8:21:16":1,"s:24:26:24:Infinity":2,"b:26:4:28:Infinity:undefined:undefined:undefined:undefined":0,"s:26:4:28:Infinity":3,"s:27:6:27:Infinity":4,"s:30:54:30:Infinity":5,"s:32:27:32:Infinity":6,"b:34:4:36:Infinity:undefined:undefined:undefined:undefined":1,"s:34:4:36:Infinity":7,"s:35:6:35:Infinity":8,"s:38:33:38:Infinity":9,"s:40:22:40:Infinity":10,"s:42:23:42:Infinity":11,"b:46:4:62:Infinity:54:11:62:Infinity":2,"s:46:4:62:Infinity":12,"s:47:6:47:Infinity":13,"s:48:6:48:Infinity":14,"s:49:6:49:Infinity":15,"s:51:6:51:Infinity":16,"s:53:6:53:Infinity":17,"s:55:6:61:Infinity":18,"s:64:4:64:Infinity":19}}}
,"/home/arthur/projetos/api-spotify/api-spotify-backend/src/services/refresh-token.ts": {"path":"/home/arthur/projetos/api-spotify/api-spotify-backend/src/services/refresh-token.ts","statementMap":{"0":{"start":{"line":18,"column":12},"end":{"line":18,"column":null}},"1":{"start":{"line":19,"column":12},"end":{"line":19,"column":null}},"2":{"start":{"line":27,"column":4},"end":{"line":27,"column":null}},"3":{"start":{"line":29,"column":4},"end":{"line":31,"column":null}},"4":{"start":{"line":30,"column":6},"end":{"line":30,"column":null}},"5":{"start":{"line":33,"column":29},"end":{"line":33,"column":null}},"6":{"start":{"line":35,"column":26},"end":{"line":37,"column":null}},"7":{"start":{"line":39,"column":4},"end":{"line":41,"column":null}},"8":{"start":{"line":40,"column":6},"end":{"line":40,"column":null}},"9":{"start":{"line":43,"column":57},"end":{"line":43,"column":null}},"10":{"start":{"line":45,"column":22},"end":{"line":45,"column":null}},"11":{"start":{"line":47,"column":4},"end":{"line":47,"column":null}},"12":{"start":{"line":48,"column":4},"end":{"line":48,"column":null}},"13":{"start":{"line":49,"column":4},"end":{"line":49,"column":null}},"14":{"start":{"line":51,"column":4},"end":{"line":51,"column":null}},"15":{"start":{"line":53,"column":4},"end":{"line":53,"column":null}}},"fnMap":{"0":{"name":"(anonymous_0)","decl":{"start":{"line":17,"column":2},"end":{"line":17,"column":null}},"loc":{"start":{"line":20,"column":4},"end":{"line":20,"column":null}},"line":20},"1":{"name":"(anonymous_1)","decl":{"start":{"line":22,"column":8},"end":{"line":22,"column":16}},"loc":{"start":{"line":24,"column":71},"end":{"line":54,"column":null}},"line":24}},"branchMap":{"0":{"loc":{"start":{"line":29,"column":4},"end":{"line":31,"column":null}},"type":"if","locations":[{"start":{"line":29,"column":4},"end":{"line":31,"column":null}},{"start":{},"end":{}}],"line":29},"1":{"loc":{"start":{"line":39,"column":4},"end":{"line":41,"column":null}},"type":"if","locations":[{"start":{"line":39,"column":4},"end":{"line":41,"column":null}},{"start":{},"end":{}}],"line":39},"2":{"loc":{"start":{"line":49,"column":24},"end":{"line":49,"column":null}},"type":"cond-expr","locations":[{"start":{"line":49,"column":42},"end":{"line":49,"column":60}},{"start":{"line":49,"column":60},"end":{"line":49,"column":null}}],"line":49}},"s":{"0":4,"1":4,"2":4,"3":4,"4":1,"5":3,"6":3,"7":3,"8":1,"9":2,"10":2,"11":2,"12":2,"13":2,"14":4,"15":2},"f":{"0":4,"1":4},"b":{"0":[1,3],"1":[1,2],"2":[1,1]},"meta":{"lastBranch":3,"lastFunction":2,"lastStatement":16,"seen":{"f:17:2:17:Infinity":0,"s:18:12:18:Infinity":0,"s:19:12:19:Infinity":1,"f:22:8:22:16":1,"s:27:4:27:Infinity":2,"b:29:4:31:Infinity:undefined:undefined:undefined:undefined":0,"s:29:4:31:Infinity":3,"s:30:6:30:Infinity":4,"s:33:29:33:Infinity":5,"s:35:26:37:Infinity":6,"b:39:4:41:Infinity:undefined:undefined:undefined:undefined":1,"s:39:4:41:Infinity":7,"s:40:6:40:Infinity":8,"s:43:57:43:Infinity":9,"s:45:22:45:Infinity":10,"s:47:4:47:Infinity":11,"s:48:4:48:Infinity":12,"s:49:4:49:Infinity":13,"b:49:42:49:60:49:60:49:Infinity":2,"s:51:4:51:Infinity":14,"s:53:4:53:Infinity":15}}}
,"/home/arthur/projetos/api-spotify/api-spotify-backend/src/services/errors/authentication-Error.ts": {"path":"/home/arthur/projetos/api-spotify/api-spotify-backend/src/services/errors/authentication-Error.ts","statementMap":{"0":{"start":{"line":3,"column":4},"end":{"line":3,"column":null}}},"fnMap":{"0":{"name":"(anonymous_0)","decl":{"start":{"line":2,"column":2},"end":{"line":2,"column":16}},"loc":{"start":{"line":2,"column":16},"end":{"line":4,"column":null}},"line":2}},"branchMap":{},"s":{"0":1},"f":{"0":1},"b":{},"meta":{"lastBranch":0,"lastFunction":1,"lastStatement":1,"seen":{"f:2:2:2:16":0,"s:3:4:3:Infinity":0}}}
,"/home/arthur/projetos/api-spotify/api-spotify-backend/src/services/errors/get-profile-error.ts": {"path":"/home/arthur/projetos/api-spotify/api-spotify-backend/src/services/errors/get-profile-error.ts","statementMap":{"0":{"start":{"line":3,"column":4},"end":{"line":3,"column":null}}},"fnMap":{"0":{"name":"(anonymous_0)","decl":{"start":{"line":2,"column":2},"end":{"line":2,"column":16}},"loc":{"start":{"line":2,"column":16},"end":{"line":4,"column":null}},"line":2}},"branchMap":{},"s":{"0":1},"f":{"0":1},"b":{},"meta":{"lastBranch":0,"lastFunction":1,"lastStatement":1,"seen":{"f:2:2:2:16":0,"s:3:4:3:Infinity":0}}}
,"/home/arthur/projetos/api-spotify/api-spotify-backend/src/services/errors/refresh-token-expired-error.ts": {"path":"/home/arthur/projetos/api-spotify/api-spotify-backend/src/services/errors/refresh-token-expired-error.ts","statementMap":{"0":{"start":{"line":3,"column":4},"end":{"line":3,"column":null}}},"fnMap":{"0":{"name":"(anonymous_0)","decl":{"start":{"line":2,"column":2},"end":{"line":2,"column":16}},"loc":{"start":{"line":2,"column":16},"end":{"line":4,"column":null}},"line":2}},"branchMap":{},"s":{"0":1},"f":{"0":1},"b":{},"meta":{"lastBranch":0,"lastFunction":1,"lastStatement":1,"seen":{"f:2:2:2:16":0,"s:3:4:3:Infinity":0}}}
,"/home/arthur/projetos/api-spotify/api-spotify-backend/src/services/errors/user- not-found-erro.ts": {"path":"/home/arthur/projetos/api-spotify/api-spotify-backend/src/services/errors/user- not-found-erro.ts","statementMap":{"0":{"start":{"line":3,"column":4},"end":{"line":3,"column":null}}},"fnMap":{"0":{"name":"(anonymous_0)","decl":{"start":{"line":2,"column":2},"end":{"line":2,"column":16}},"loc":{"start":{"line":2,"column":16},"end":{"line":4,"column":null}},"line":2}},"branchMap":{},"s":{"0":1},"f":{"0":1},"b":{},"meta":{"lastBranch":0,"lastFunction":1,"lastStatement":1,"seen":{"f:2:2:2:16":0,"s:3:4:3:Infinity":0}}}
}
