{"/home/arthur/projetos/api-spotify/api-spotify-backend/src/provider/mock/SpotifyProviderMock.ts": {"path":"/home/arthur/projetos/api-spotify/api-spotify-backend/src/provider/mock/SpotifyProviderMock.ts","statementMap":{"0":{"start":{"line":12,"column":46},"end":{"line":127,"column":null}},"1":{"start":{"line":129,"column":4},"end":{"line":129,"column":null}},"2":{"start":{"line":132,"column":37},"end":{"line":168,"column":null}},"3":{"start":{"line":169,"column":4},"end":{"line":169,"column":null}},"4":{"start":{"line":173,"column":4},"end":{"line":175,"column":null}},"5":{"start":{"line":174,"column":6},"end":{"line":174,"column":null}},"6":{"start":{"line":177,"column":58},"end":{"line":181,"column":null}},"7":{"start":{"line":182,"column":4},"end":{"line":182,"column":null}},"8":{"start":{"line":186,"column":4},"end":{"line":188,"column":null}},"9":{"start":{"line":187,"column":6},"end":{"line":187,"column":null}},"10":{"start":{"line":190,"column":60},"end":{"line":194,"column":null}},"11":{"start":{"line":196,"column":4},"end":{"line":196,"column":null}},"12":{"start":{"line":199,"column":4},"end":{"line":201,"column":null}},"13":{"start":{"line":200,"column":6},"end":{"line":200,"column":null}},"14":{"start":{"line":202,"column":51},"end":{"line":207,"column":null}},"15":{"start":{"line":208,"column":4},"end":{"line":208,"column":null}}},"fnMap":{"0":{"name":"(anonymous_0)","decl":{"start":{"line":11,"column":8},"end":{"line":11,"column":23}},"loc":{"start":{"line":11,"column":23},"end":{"line":130,"column":null}},"line":11},"1":{"name":"(anonymous_1)","decl":{"start":{"line":131,"column":8},"end":{"line":131,"column":24}},"loc":{"start":{"line":131,"column":24},"end":{"line":170,"column":null}},"line":131},"2":{"name":"(anonymous_2)","decl":{"start":{"line":172,"column":8},"end":{"line":172,"column":26}},"loc":{"start":{"line":172,"column":48},"end":{"line":183,"column":null}},"line":172},"3":{"name":"(anonymous_3)","decl":{"start":{"line":185,"column":8},"end":{"line":185,"column":24}},"loc":{"start":{"line":185,"column":38},"end":{"line":197,"column":null}},"line":185},"4":{"name":"(anonymous_4)","decl":{"start":{"line":198,"column":8},"end":{"line":198,"column":14}},"loc":{"start":{"line":198,"column":35},"end":{"line":209,"column":null}},"line":198}},"branchMap":{"0":{"loc":{"start":{"line":173,"column":4},"end":{"line":175,"column":null}},"type":"if","locations":[{"start":{"line":173,"column":4},"end":{"line":175,"column":null}},{"start":{},"end":{}}],"line":173},"1":{"loc":{"start":{"line":186,"column":4},"end":{"line":188,"column":null}},"type":"if","locations":[{"start":{"line":186,"column":4},"end":{"line":188,"column":null}},{"start":{},"end":{}}],"line":186},"2":{"loc":{"start":{"line":199,"column":4},"end":{"line":201,"column":null}},"type":"if","locations":[{"start":{"line":199,"column":4},"end":{"line":201,"column":null}},{"start":{},"end":{}}],"line":199}},"s":{"0":2,"1":2,"2":2,"3":2,"4":4,"5":1,"6":3,"7":3,"8":4,"9":1,"10":3,"11":3,"12":2,"13":0,"14":2,"15":2},"f":{"0":2,"1":2,"2":4,"3":4,"4":2},"b":{"0":[1,3],"1":[1,3],"2":[0,2]},"meta":{"lastBranch":3,"lastFunction":5,"lastStatement":16,"seen":{"f:11:8:11:23":0,"s:12:46:127:Infinity":0,"s:129:4:129:Infinity":1,"f:131:8:131:24":1,"s:132:37:168:Infinity":2,"s:169:4:169:Infinity":3,"f:172:8:172:26":2,"b:173:4:175:Infinity:undefined:undefined:undefined:undefined":0,"s:173:4:175:Infinity":4,"s:174:6:174:Infinity":5,"s:177:58:181:Infinity":6,"s:182:4:182:Infinity":7,"f:185:8:185:24":3,"b:186:4:188:Infinity:undefined:undefined:undefined:undefined":1,"s:186:4:188:Infinity":8,"s:187:6:187:Infinity":9,"s:190:60:194:Infinity":10,"s:196:4:196:Infinity":11,"f:198:8:198:14":4,"b:199:4:201:Infinity:undefined:undefined:undefined:undefined":2,"s:199:4:201:Infinity":12,"s:200:6:200:Infinity":13,"s:202:51:207:Infinity":14,"s:208:4:208:Infinity":15}}}
,"/home/arthur/projetos/api-spotify/api-spotify-backend/src/repository/in-memory-repository/in-memory-artist-rankings-repository.ts": {"path":"/home/arthur/projetos/api-spotify/api-spotify-backend/src/repository/in-memory-repository/in-memory-artist-rankings-repository.ts","statementMap":{"0":{"start":{"line":22,"column":34},"end":{"line":22,"column":null}},"1":{"start":{"line":13,"column":26},"end":{"line":18,"column":null}},"2":{"start":{"line":15,"column":8},"end":{"line":17,"column":null}},"3":{"start":{"line":20,"column":4},"end":{"line":20,"column":null}},"4":{"start":{"line":26,"column":27},"end":{"line":32,"column":null}},"5":{"start":{"line":26,"column":47},"end":{"line":32,"column":6}},"6":{"start":{"line":33,"column":4},"end":{"line":33,"column":null}},"7":{"start":{"line":34,"column":4},"end":{"line":34,"column":null}}},"fnMap":{"0":{"name":"(anonymous_0)","decl":{"start":{"line":12,"column":8},"end":{"line":12,"column":32}},"loc":{"start":{"line":12,"column":60},"end":{"line":21,"column":null}},"line":12},"1":{"name":"(anonymous_1)","decl":{"start":{"line":14,"column":6},"end":{"line":14,"column":7}},"loc":{"start":{"line":15,"column":8},"end":{"line":17,"column":null}},"line":15},"2":{"name":"(anonymous_2)","decl":{"start":{"line":23,"column":8},"end":{"line":23,"column":null}},"loc":{"start":{"line":25,"column":30},"end":{"line":35,"column":null}},"line":25},"3":{"name":"(anonymous_3)","decl":{"start":{"line":26,"column":36},"end":{"line":26,"column":37}},"loc":{"start":{"line":26,"column":47},"end":{"line":32,"column":6}},"line":26}},"branchMap":{"0":{"loc":{"start":{"line":15,"column":8},"end":{"line":17,"column":null}},"type":"binary-expr","locations":[{"start":{"line":15,"column":8},"end":{"line":15,"column":null}},{"start":{"line":16,"column":8},"end":{"line":16,"column":null}},{"start":{"line":17,"column":8},"end":{"line":17,"column":null}}],"line":15},"1":{"loc":{"start":{"line":27,"column":10},"end":{"line":27,"column":null}},"type":"cond-expr","locations":[{"start":{"line":27,"column":20},"end":{"line":27,"column":30}},{"start":{"line":27,"column":25},"end":{"line":27,"column":null}}],"line":27}},"s":{"0":9,"1":1,"2":1,"3":1,"4":4,"5":8,"6":4,"7":4},"f":{"0":1,"1":1,"2":4,"3":8},"b":{"0":[1,1,1],"1":[2,6]},"meta":{"lastBranch":2,"lastFunction":4,"lastStatement":8,"seen":{"s:22:34:22:Infinity":0,"f:12:8:12:32":0,"s:13:26:18:Infinity":1,"f:14:6:14:7":1,"s:15:8:17:Infinity":2,"b:15:8:15:Infinity:16:8:16:Infinity:17:8:17:Infinity":0,"s:20:4:20:Infinity":3,"f:23:8:23:Infinity":2,"s:26:27:32:Infinity":4,"f:26:36:26:37":3,"s:26:47:32:6":5,"b:27:20:27:30:27:25:27:Infinity":1,"s:33:4:33:Infinity":6,"s:34:4:34:Infinity":7}}}
,"/home/arthur/projetos/api-spotify/api-spotify-backend/src/repository/in-memory-repository/in-memory-artists-repository.ts": {"path":"/home/arthur/projetos/api-spotify/api-spotify-backend/src/repository/in-memory-repository/in-memory-artists-repository.ts","statementMap":{"0":{"start":{"line":7,"column":27},"end":{"line":7,"column":null}},"1":{"start":{"line":9,"column":4},"end":{"line":29,"column":null}},"2":{"start":{"line":10,"column":29},"end":{"line":10,"column":null}},"3":{"start":{"line":10,"column":55},"end":{"line":10,"column":75}},"4":{"start":{"line":12,"column":6},"end":{"line":28,"column":null}},"5":{"start":{"line":13,"column":34},"end":{"line":19,"column":null}},"6":{"start":{"line":20,"column":8},"end":{"line":20,"column":null}},"7":{"start":{"line":21,"column":8},"end":{"line":21,"column":null}},"8":{"start":{"line":23,"column":8},"end":{"line":27,"column":null}}},"fnMap":{"0":{"name":"(anonymous_0)","decl":{"start":{"line":8,"column":8},"end":{"line":8,"column":19}},"loc":{"start":{"line":8,"column":46},"end":{"line":30,"column":null}},"line":8},"1":{"name":"(anonymous_1)","decl":{"start":{"line":9,"column":20},"end":{"line":9,"column":21}},"loc":{"start":{"line":9,"column":31},"end":{"line":29,"column":5}},"line":9},"2":{"name":"(anonymous_2)","decl":{"start":{"line":10,"column":45},"end":{"line":10,"column":46}},"loc":{"start":{"line":10,"column":55},"end":{"line":10,"column":75}},"line":10}},"branchMap":{"0":{"loc":{"start":{"line":12,"column":6},"end":{"line":28,"column":null}},"type":"if","locations":[{"start":{"line":12,"column":6},"end":{"line":28,"column":null}},{"start":{"line":22,"column":13},"end":{"line":28,"column":null}}],"line":12},"1":{"loc":{"start":{"line":16,"column":20},"end":{"line":16,"column":null}},"type":"binary-expr","locations":[{"start":{"line":16,"column":20},"end":{"line":16,"column":38}},{"start":{"line":16,"column":38},"end":{"line":16,"column":null}}],"line":16},"2":{"loc":{"start":{"line":25,"column":20},"end":{"line":25,"column":null}},"type":"binary-expr","locations":[{"start":{"line":25,"column":20},"end":{"line":25,"column":38}},{"start":{"line":25,"column":38},"end":{"line":25,"column":null}}],"line":25}},"s":{"0":4,"1":2,"2":6,"3":6,"4":6,"5":6,"6":6,"7":6,"8":0},"f":{"0":2,"1":6,"2":6},"b":{"0":[6,0],"1":[6,0],"2":[0,0]},"meta":{"lastBranch":3,"lastFunction":3,"lastStatement":9,"seen":{"s:7:27:7:Infinity":0,"f:8:8:8:19":0,"s:9:4:29:Infinity":1,"f:9:20:9:21":1,"s:10:29:10:Infinity":2,"f:10:45:10:46":2,"s:10:55:10:75":3,"b:12:6:28:Infinity:22:13:28:Infinity":0,"s:12:6:28:Infinity":4,"s:13:34:19:Infinity":5,"b:16:20:16:38:16:38:16:Infinity":1,"s:20:8:20:Infinity":6,"s:21:8:21:Infinity":7,"s:23:8:27:Infinity":8,"b:25:20:25:38:25:38:25:Infinity":2}}}
,"/home/arthur/projetos/api-spotify/api-spotify-backend/src/repository/in-memory-repository/in-memory-snap-shots-repository.ts": {"path":"/home/arthur/projetos/api-spotify/api-spotify-backend/src/repository/in-memory-repository/in-memory-snap-shots-repository.ts","statementMap":{"0":{"start":{"line":7,"column":29},"end":{"line":7,"column":null}},"1":{"start":{"line":14,"column":21},"end":{"line":17,"column":null}},"2":{"start":{"line":16,"column":8},"end":{"line":16,"column":null}},"3":{"start":{"line":19,"column":4},"end":{"line":19,"column":null}},"4":{"start":{"line":22,"column":10},"end":{"line":22,"column":null}},"5":{"start":{"line":23,"column":10},"end":{"line":23,"column":null}},"6":{"start":{"line":25,"column":31},"end":{"line":32,"column":null}},"7":{"start":{"line":26,"column":12},"end":{"line":26,"column":null}},"8":{"start":{"line":28,"column":8},"end":{"line":29,"column":null}},"9":{"start":{"line":31,"column":6},"end":{"line":31,"column":null}},"10":{"start":{"line":34,"column":4},"end":{"line":36,"column":null}},"11":{"start":{"line":35,"column":6},"end":{"line":35,"column":null}},"12":{"start":{"line":37,"column":4},"end":{"line":37,"column":null}},"13":{"start":{"line":40,"column":22},"end":{"line":45,"column":null}},"14":{"start":{"line":47,"column":4},"end":{"line":47,"column":null}},"15":{"start":{"line":48,"column":4},"end":{"line":48,"column":null}}},"fnMap":{"0":{"name":"(anonymous_0)","decl":{"start":{"line":9,"column":8},"end":{"line":9,"column":null}},"loc":{"start":{"line":13,"column":4},"end":{"line":20,"column":null}},"line":13},"1":{"name":"(anonymous_1)","decl":{"start":{"line":15,"column":6},"end":{"line":15,"column":7}},"loc":{"start":{"line":16,"column":8},"end":{"line":16,"column":null}},"line":16},"2":{"name":"(anonymous_2)","decl":{"start":{"line":21,"column":8},"end":{"line":21,"column":26}},"loc":{"start":{"line":21,"column":54},"end":{"line":38,"column":null}},"line":21},"3":{"name":"(anonymous_3)","decl":{"start":{"line":25,"column":47},"end":{"line":25,"column":48}},"loc":{"start":{"line":25,"column":57},"end":{"line":32,"column":5}},"line":25},"4":{"name":"(anonymous_4)","decl":{"start":{"line":39,"column":8},"end":{"line":39,"column":15}},"loc":{"start":{"line":39,"column":43},"end":{"line":49,"column":null}},"line":39}},"branchMap":{"0":{"loc":{"start":{"line":16,"column":8},"end":{"line":16,"column":null}},"type":"binary-expr","locations":[{"start":{"line":16,"column":8},"end":{"line":16,"column":34}},{"start":{"line":16,"column":34},"end":{"line":16,"column":60}},{"start":{"line":16,"column":60},"end":{"line":16,"column":null}}],"line":16},"1":{"loc":{"start":{"line":28,"column":8},"end":{"line":29,"column":null}},"type":"binary-expr","locations":[{"start":{"line":28,"column":8},"end":{"line":28,"column":null}},{"start":{"line":29,"column":8},"end":{"line":29,"column":null}}],"line":28},"2":{"loc":{"start":{"line":31,"column":13},"end":{"line":31,"column":null}},"type":"binary-expr","locations":[{"start":{"line":31,"column":13},"end":{"line":31,"column":39}},{"start":{"line":31,"column":39},"end":{"line":31,"column":null}}],"line":31},"3":{"loc":{"start":{"line":34,"column":4},"end":{"line":36,"column":null}},"type":"if","locations":[{"start":{"line":34,"column":4},"end":{"line":36,"column":null}},{"start":{},"end":{}}],"line":34},"4":{"loc":{"start":{"line":41,"column":6},"end":{"line":41,"column":null}},"type":"binary-expr","locations":[{"start":{"line":41,"column":6},"end":{"line":41,"column":26}},{"start":{"line":41,"column":26},"end":{"line":41,"column":null}}],"line":41}},"s":{"0":9,"1":4,"2":4,"3":4,"4":3,"5":3,"6":3,"7":1,"8":1,"9":1,"10":3,"11":2,"12":1,"13":8,"14":8,"15":8},"f":{"0":4,"1":4,"2":3,"3":1,"4":8},"b":{"0":[4,4,4],"1":[1,1],"2":[1,1],"3":[2,1],"4":[8,0]},"meta":{"lastBranch":5,"lastFunction":5,"lastStatement":16,"seen":{"s:7:29:7:Infinity":0,"f:9:8:9:Infinity":0,"s:14:21:17:Infinity":1,"f:15:6:15:7":1,"s:16:8:16:Infinity":2,"b:16:8:16:34:16:34:16:60:16:60:16:Infinity":0,"s:19:4:19:Infinity":3,"f:21:8:21:26":2,"s:22:10:22:Infinity":4,"s:23:10:23:Infinity":5,"s:25:31:32:Infinity":6,"f:25:47:25:48":3,"s:26:12:26:Infinity":7,"s:28:8:29:Infinity":8,"b:28:8:28:Infinity:29:8:29:Infinity":1,"s:31:6:31:Infinity":9,"b:31:13:31:39:31:39:31:Infinity":2,"b:34:4:36:Infinity:undefined:undefined:undefined:undefined":3,"s:34:4:36:Infinity":10,"s:35:6:35:Infinity":11,"s:37:4:37:Infinity":12,"f:39:8:39:15":4,"s:40:22:45:Infinity":13,"b:41:6:41:26:41:26:41:Infinity":4,"s:47:4:47:Infinity":14,"s:48:4:48:Infinity":15}}}
,"/home/arthur/projetos/api-spotify/api-spotify-backend/src/repository/in-memory-repository/in-memory-track-rankings-repository.ts": {"path":"/home/arthur/projetos/api-spotify/api-spotify-backend/src/repository/in-memory-repository/in-memory-track-rankings-repository.ts","statementMap":{"0":{"start":{"line":24,"column":33},"end":{"line":24,"column":null}},"1":{"start":{"line":15,"column":26},"end":{"line":20,"column":null}},"2":{"start":{"line":17,"column":8},"end":{"line":19,"column":null}},"3":{"start":{"line":21,"column":4},"end":{"line":21,"column":null}},"4":{"start":{"line":28,"column":25},"end":{"line":34,"column":null}},"5":{"start":{"line":28,"column":45},"end":{"line":34,"column":6}},"6":{"start":{"line":35,"column":4},"end":{"line":35,"column":null}},"7":{"start":{"line":36,"column":4},"end":{"line":36,"column":null}}},"fnMap":{"0":{"name":"(anonymous_0)","decl":{"start":{"line":12,"column":8},"end":{"line":12,"column":null}},"loc":{"start":{"line":14,"column":34},"end":{"line":22,"column":null}},"line":14},"1":{"name":"(anonymous_1)","decl":{"start":{"line":16,"column":6},"end":{"line":16,"column":7}},"loc":{"start":{"line":17,"column":8},"end":{"line":19,"column":null}},"line":17},"2":{"name":"(anonymous_2)","decl":{"start":{"line":25,"column":8},"end":{"line":25,"column":null}},"loc":{"start":{"line":27,"column":29},"end":{"line":37,"column":null}},"line":27},"3":{"name":"(anonymous_3)","decl":{"start":{"line":28,"column":34},"end":{"line":28,"column":35}},"loc":{"start":{"line":28,"column":45},"end":{"line":34,"column":6}},"line":28}},"branchMap":{"0":{"loc":{"start":{"line":17,"column":8},"end":{"line":19,"column":null}},"type":"binary-expr","locations":[{"start":{"line":17,"column":8},"end":{"line":17,"column":null}},{"start":{"line":18,"column":8},"end":{"line":18,"column":null}},{"start":{"line":19,"column":8},"end":{"line":19,"column":null}}],"line":17},"1":{"loc":{"start":{"line":29,"column":6},"end":{"line":29,"column":null}},"type":"binary-expr","locations":[{"start":{"line":29,"column":6},"end":{"line":29,"column":26}},{"start":{"line":29,"column":26},"end":{"line":29,"column":null}}],"line":29}},"s":{"0":9,"1":2,"2":2,"3":2,"4":5,"5":9,"6":5,"7":5},"f":{"0":2,"1":2,"2":5,"3":9},"b":{"0":[2,2,2],"1":[9,0]},"meta":{"lastBranch":2,"lastFunction":4,"lastStatement":8,"seen":{"s:24:33:24:Infinity":0,"f:12:8:12:Infinity":0,"s:15:26:20:Infinity":1,"f:16:6:16:7":1,"s:17:8:19:Infinity":2,"b:17:8:17:Infinity:18:8:18:Infinity:19:8:19:Infinity":0,"s:21:4:21:Infinity":3,"f:25:8:25:Infinity":2,"s:28:25:34:Infinity":4,"f:28:34:28:35":3,"s:28:45:34:6":5,"b:29:6:29:26:29:26:29:Infinity":1,"s:35:4:35:Infinity":6,"s:36:4:36:Infinity":7}}}
,"/home/arthur/projetos/api-spotify/api-spotify-backend/src/repository/in-memory-repository/in-memory-track-repository.ts": {"path":"/home/arthur/projetos/api-spotify/api-spotify-backend/src/repository/in-memory-repository/in-memory-track-repository.ts","statementMap":{"0":{"start":{"line":7,"column":26},"end":{"line":7,"column":null}},"1":{"start":{"line":9,"column":4},"end":{"line":30,"column":null}},"2":{"start":{"line":10,"column":28},"end":{"line":10,"column":null}},"3":{"start":{"line":10,"column":54},"end":{"line":10,"column":74}},"4":{"start":{"line":12,"column":6},"end":{"line":29,"column":null}},"5":{"start":{"line":13,"column":32},"end":{"line":20,"column":null}},"6":{"start":{"line":21,"column":8},"end":{"line":21,"column":null}},"7":{"start":{"line":22,"column":8},"end":{"line":22,"column":null}},"8":{"start":{"line":24,"column":8},"end":{"line":28,"column":null}}},"fnMap":{"0":{"name":"(anonymous_0)","decl":{"start":{"line":8,"column":8},"end":{"line":8,"column":19}},"loc":{"start":{"line":8,"column":45},"end":{"line":31,"column":null}},"line":8},"1":{"name":"(anonymous_1)","decl":{"start":{"line":9,"column":20},"end":{"line":9,"column":21}},"loc":{"start":{"line":9,"column":31},"end":{"line":30,"column":5}},"line":9},"2":{"name":"(anonymous_2)","decl":{"start":{"line":10,"column":44},"end":{"line":10,"column":45}},"loc":{"start":{"line":10,"column":54},"end":{"line":10,"column":74}},"line":10}},"branchMap":{"0":{"loc":{"start":{"line":12,"column":6},"end":{"line":29,"column":null}},"type":"if","locations":[{"start":{"line":12,"column":6},"end":{"line":29,"column":null}},{"start":{"line":23,"column":13},"end":{"line":29,"column":null}}],"line":12},"1":{"loc":{"start":{"line":16,"column":20},"end":{"line":16,"column":null}},"type":"binary-expr","locations":[{"start":{"line":16,"column":20},"end":{"line":16,"column":38}},{"start":{"line":16,"column":38},"end":{"line":16,"column":null}}],"line":16},"2":{"loc":{"start":{"line":26,"column":20},"end":{"line":26,"column":null}},"type":"binary-expr","locations":[{"start":{"line":26,"column":20},"end":{"line":26,"column":38}},{"start":{"line":26,"column":38},"end":{"line":26,"column":null}}],"line":26}},"s":{"0":4,"1":2,"2":6,"3":6,"4":6,"5":6,"6":6,"7":6,"8":0},"f":{"0":2,"1":6,"2":6},"b":{"0":[6,0],"1":[6,0],"2":[0,0]},"meta":{"lastBranch":3,"lastFunction":3,"lastStatement":9,"seen":{"s:7:26:7:Infinity":0,"f:8:8:8:19":0,"s:9:4:30:Infinity":1,"f:9:20:9:21":1,"s:10:28:10:Infinity":2,"f:10:44:10:45":2,"s:10:54:10:74":3,"b:12:6:29:Infinity:23:13:29:Infinity":0,"s:12:6:29:Infinity":4,"s:13:32:20:Infinity":5,"b:16:20:16:38:16:38:16:Infinity":1,"s:21:8:21:Infinity":6,"s:22:8:22:Infinity":7,"s:24:8:28:Infinity":8,"b:26:20:26:38:26:38:26:Infinity":2}}}
,"/home/arthur/projetos/api-spotify/api-spotify-backend/src/repository/in-memory-repository/in-memory-user-repository.ts": {"path":"/home/arthur/projetos/api-spotify/api-spotify-backend/src/repository/in-memory-repository/in-memory-user-repository.ts","statementMap":{"0":{"start":{"line":7,"column":25},"end":{"line":7,"column":null}},"1":{"start":{"line":10,"column":17},"end":{"line":10,"column":null}},"2":{"start":{"line":10,"column":43},"end":{"line":10,"column":57}},"3":{"start":{"line":12,"column":4},"end":{"line":12,"column":null}},"4":{"start":{"line":16,"column":17},"end":{"line":16,"column":null}},"5":{"start":{"line":16,"column":43},"end":{"line":16,"column":64}},"6":{"start":{"line":18,"column":4},"end":{"line":18,"column":null}},"7":{"start":{"line":22,"column":23},"end":{"line":33,"column":null}},"8":{"start":{"line":34,"column":4},"end":{"line":34,"column":null}},"9":{"start":{"line":35,"column":4},"end":{"line":35,"column":null}},"10":{"start":{"line":38,"column":22},"end":{"line":38,"column":null}},"11":{"start":{"line":38,"column":53},"end":{"line":38,"column":72}},"12":{"start":{"line":40,"column":4},"end":{"line":42,"column":null}},"13":{"start":{"line":41,"column":6},"end":{"line":41,"column":null}},"14":{"start":{"line":44,"column":4},"end":{"line":44,"column":null}}},"fnMap":{"0":{"name":"(anonymous_0)","decl":{"start":{"line":9,"column":8},"end":{"line":9,"column":21}},"loc":{"start":{"line":9,"column":33},"end":{"line":13,"column":null}},"line":9},"1":{"name":"(anonymous_1)","decl":{"start":{"line":10,"column":33},"end":{"line":10,"column":34}},"loc":{"start":{"line":10,"column":43},"end":{"line":10,"column":57}},"line":10},"2":{"name":"(anonymous_2)","decl":{"start":{"line":15,"column":8},"end":{"line":15,"column":24}},"loc":{"start":{"line":15,"column":36},"end":{"line":19,"column":null}},"line":15},"3":{"name":"(anonymous_3)","decl":{"start":{"line":16,"column":33},"end":{"line":16,"column":34}},"loc":{"start":{"line":16,"column":43},"end":{"line":16,"column":64}},"line":16},"4":{"name":"(anonymous_4)","decl":{"start":{"line":21,"column":8},"end":{"line":21,"column":15}},"loc":{"start":{"line":21,"column":38},"end":{"line":36,"column":null}},"line":21},"5":{"name":"(anonymous_5)","decl":{"start":{"line":37,"column":8},"end":{"line":37,"column":15}},"loc":{"start":{"line":37,"column":27},"end":{"line":45,"column":null}},"line":37},"6":{"name":"(anonymous_6)","decl":{"start":{"line":38,"column":43},"end":{"line":38,"column":44}},"loc":{"start":{"line":38,"column":53},"end":{"line":38,"column":72}},"line":38}},"branchMap":{"0":{"loc":{"start":{"line":12,"column":11},"end":{"line":12,"column":null}},"type":"cond-expr","locations":[{"start":{"line":12,"column":18},"end":{"line":12,"column":25}},{"start":{"line":12,"column":25},"end":{"line":12,"column":null}}],"line":12},"1":{"loc":{"start":{"line":18,"column":11},"end":{"line":18,"column":null}},"type":"cond-expr","locations":[{"start":{"line":18,"column":18},"end":{"line":18,"column":25}},{"start":{"line":18,"column":25},"end":{"line":18,"column":null}}],"line":18},"2":{"loc":{"start":{"line":23,"column":19},"end":{"line":23,"column":null}},"type":"binary-expr","locations":[{"start":{"line":23,"column":19},"end":{"line":23,"column":39}},{"start":{"line":23,"column":39},"end":{"line":23,"column":null}}],"line":23},"3":{"loc":{"start":{"line":24,"column":10},"end":{"line":24,"column":null}},"type":"cond-expr","locations":[{"start":{"line":24,"column":20},"end":{"line":24,"column":30}},{"start":{"line":24,"column":25},"end":{"line":24,"column":null}}],"line":24},"4":{"loc":{"start":{"line":26,"column":13},"end":{"line":26,"column":null}},"type":"binary-expr","locations":[{"start":{"line":26,"column":13},"end":{"line":26,"column":27}},{"start":{"line":26,"column":27},"end":{"line":26,"column":null}}],"line":26},"5":{"loc":{"start":{"line":31,"column":16},"end":{"line":31,"column":null}},"type":"binary-expr","locations":[{"start":{"line":31,"column":16},"end":{"line":31,"column":33}},{"start":{"line":31,"column":33},"end":{"line":31,"column":null}}],"line":31},"6":{"loc":{"start":{"line":40,"column":4},"end":{"line":42,"column":null}},"type":"if","locations":[{"start":{"line":40,"column":4},"end":{"line":42,"column":null}},{"start":{},"end":{}}],"line":40}},"s":{"0":17,"1":15,"2":13,"3":15,"4":2,"5":1,"6":2,"7":13,"8":13,"9":13,"10":5,"11":5,"12":5,"13":5,"14":5},"f":{"0":15,"1":13,"2":2,"3":1,"4":13,"5":5,"6":5},"b":{"0":[12,3],"1":[1,1],"2":[13,0],"3":[11,2],"4":[13,0],"5":[13,12],"6":[5,0]},"meta":{"lastBranch":7,"lastFunction":7,"lastStatement":15,"seen":{"s:7:25:7:Infinity":0,"f:9:8:9:21":0,"s:10:17:10:Infinity":1,"f:10:33:10:34":1,"s:10:43:10:57":2,"s:12:4:12:Infinity":3,"b:12:18:12:25:12:25:12:Infinity":0,"f:15:8:15:24":2,"s:16:17:16:Infinity":4,"f:16:33:16:34":3,"s:16:43:16:64":5,"s:18:4:18:Infinity":6,"b:18:18:18:25:18:25:18:Infinity":1,"f:21:8:21:15":4,"s:22:23:33:Infinity":7,"b:23:19:23:39:23:39:23:Infinity":2,"b:24:20:24:30:24:25:24:Infinity":3,"b:26:13:26:27:26:27:26:Infinity":4,"b:31:16:31:33:31:33:31:Infinity":5,"s:34:4:34:Infinity":8,"s:35:4:35:Infinity":9,"f:37:8:37:15":5,"s:38:22:38:Infinity":10,"f:38:43:38:44":6,"s:38:53:38:72":11,"b:40:4:42:Infinity:undefined:undefined:undefined:undefined":6,"s:40:4:42:Infinity":12,"s:41:6:41:Infinity":13,"s:44:4:44:Infinity":14}}}
,"/home/arthur/projetos/api-spotify/api-spotify-backend/src/services/authenticateUser.ts": {"path":"/home/arthur/projetos/api-spotify/api-spotify-backend/src/services/authenticateUser.ts","statementMap":{"0":{"start":{"line":17,"column":12},"end":{"line":17,"column":null}},"1":{"start":{"line":18,"column":12},"end":{"line":18,"column":null}},"2":{"start":{"line":24,"column":26},"end":{"line":24,"column":null}},"3":{"start":{"line":26,"column":4},"end":{"line":28,"column":null}},"4":{"start":{"line":27,"column":6},"end":{"line":27,"column":null}},"5":{"start":{"line":30,"column":54},"end":{"line":30,"column":null}},"6":{"start":{"line":32,"column":27},"end":{"line":32,"column":null}},"7":{"start":{"line":34,"column":4},"end":{"line":36,"column":null}},"8":{"start":{"line":35,"column":6},"end":{"line":35,"column":null}},"9":{"start":{"line":38,"column":56},"end":{"line":38,"column":null}},"10":{"start":{"line":40,"column":27},"end":{"line":40,"column":null}},"11":{"start":{"line":42,"column":23},"end":{"line":42,"column":null}},"12":{"start":{"line":46,"column":4},"end":{"line":64,"column":null}},"13":{"start":{"line":47,"column":6},"end":{"line":47,"column":null}},"14":{"start":{"line":48,"column":6},"end":{"line":48,"column":null}},"15":{"start":{"line":49,"column":6},"end":{"line":49,"column":null}},"16":{"start":{"line":51,"column":6},"end":{"line":51,"column":null}},"17":{"start":{"line":53,"column":6},"end":{"line":53,"column":null}},"18":{"start":{"line":55,"column":6},"end":{"line":63,"column":null}},"19":{"start":{"line":66,"column":4},"end":{"line":66,"column":null}}},"fnMap":{"0":{"name":"(anonymous_0)","decl":{"start":{"line":16,"column":2},"end":{"line":16,"column":null}},"loc":{"start":{"line":19,"column":4},"end":{"line":19,"column":null}},"line":19},"1":{"name":"(anonymous_1)","decl":{"start":{"line":21,"column":8},"end":{"line":21,"column":16}},"loc":{"start":{"line":23,"column":79},"end":{"line":67,"column":null}},"line":23}},"branchMap":{"0":{"loc":{"start":{"line":26,"column":4},"end":{"line":28,"column":null}},"type":"if","locations":[{"start":{"line":26,"column":4},"end":{"line":28,"column":null}},{"start":{},"end":{}}],"line":26},"1":{"loc":{"start":{"line":34,"column":4},"end":{"line":36,"column":null}},"type":"if","locations":[{"start":{"line":34,"column":4},"end":{"line":36,"column":null}},{"start":{},"end":{}}],"line":34},"2":{"loc":{"start":{"line":46,"column":4},"end":{"line":64,"column":null}},"type":"if","locations":[{"start":{"line":46,"column":4},"end":{"line":64,"column":null}},{"start":{"line":54,"column":11},"end":{"line":64,"column":null}}],"line":46}},"s":{"0":4,"1":4,"2":4,"3":4,"4":1,"5":3,"6":3,"7":3,"8":1,"9":2,"10":2,"11":2,"12":2,"13":1,"14":1,"15":1,"16":1,"17":1,"18":1,"19":2},"f":{"0":4,"1":4},"b":{"0":[1,3],"1":[1,2],"2":[1,1]},"meta":{"lastBranch":3,"lastFunction":2,"lastStatement":20,"seen":{"f:16:2:16:Infinity":0,"s:17:12:17:Infinity":0,"s:18:12:18:Infinity":1,"f:21:8:21:16":1,"s:24:26:24:Infinity":2,"b:26:4:28:Infinity:undefined:undefined:undefined:undefined":0,"s:26:4:28:Infinity":3,"s:27:6:27:Infinity":4,"s:30:54:30:Infinity":5,"s:32:27:32:Infinity":6,"b:34:4:36:Infinity:undefined:undefined:undefined:undefined":1,"s:34:4:36:Infinity":7,"s:35:6:35:Infinity":8,"s:38:56:38:Infinity":9,"s:40:27:40:Infinity":10,"s:42:23:42:Infinity":11,"b:46:4:64:Infinity:54:11:64:Infinity":2,"s:46:4:64:Infinity":12,"s:47:6:47:Infinity":13,"s:48:6:48:Infinity":14,"s:49:6:49:Infinity":15,"s:51:6:51:Infinity":16,"s:53:6:53:Infinity":17,"s:55:6:63:Infinity":18,"s:66:4:66:Infinity":19}}}
,"/home/arthur/projetos/api-spotify/api-spotify-backend/src/services/get-top-history.ts": {"path":"/home/arthur/projetos/api-spotify/api-spotify-backend/src/services/get-top-history.ts","statementMap":{"0":{"start":{"line":27,"column":12},"end":{"line":27,"column":null}},"1":{"start":{"line":28,"column":12},"end":{"line":28,"column":null}},"2":{"start":{"line":29,"column":12},"end":{"line":29,"column":null}},"3":{"start":{"line":30,"column":12},"end":{"line":30,"column":null}},"4":{"start":{"line":40,"column":17},"end":{"line":40,"column":null}},"5":{"start":{"line":42,"column":4},"end":{"line":44,"column":null}},"6":{"start":{"line":43,"column":6},"end":{"line":43,"column":null}},"7":{"start":{"line":46,"column":10},"end":{"line":46,"column":null}},"8":{"start":{"line":47,"column":22},"end":{"line":47,"column":null}},"9":{"start":{"line":49,"column":22},"end":{"line":53,"column":null}},"10":{"start":{"line":55,"column":26},"end":{"line":84,"column":null}},"11":{"start":{"line":57,"column":8},"end":{"line":81,"column":null}},"12":{"start":{"line":59,"column":12},"end":{"line":63,"column":null}},"13":{"start":{"line":65,"column":10},"end":{"line":68,"column":null}},"14":{"start":{"line":65,"column":49},"end":{"line":68,"column":12}},"15":{"start":{"line":69,"column":8},"end":{"line":81,"column":null}},"16":{"start":{"line":71,"column":12},"end":{"line":75,"column":null}},"17":{"start":{"line":77,"column":10},"end":{"line":80,"column":null}},"18":{"start":{"line":77,"column":46},"end":{"line":80,"column":12}},"19":{"start":{"line":82,"column":8},"end":{"line":82,"column":null}},"20":{"start":{"line":86,"column":20},"end":{"line":86,"column":null}},"21":{"start":{"line":88,"column":4},"end":{"line":88,"column":null}}},"fnMap":{"0":{"name":"(anonymous_0)","decl":{"start":{"line":26,"column":2},"end":{"line":26,"column":null}},"loc":{"start":{"line":31,"column":4},"end":{"line":31,"column":null}},"line":31},"1":{"name":"(anonymous_1)","decl":{"start":{"line":33,"column":8},"end":{"line":33,"column":16}},"loc":{"start":{"line":39,"column":73},"end":{"line":89,"column":null}},"line":39},"2":{"name":"(anonymous_2)","decl":{"start":{"line":56,"column":20},"end":{"line":56,"column":27}},"loc":{"start":{"line":56,"column":36},"end":{"line":83,"column":7}},"line":56},"3":{"name":"(anonymous_3)","decl":{"start":{"line":65,"column":36},"end":{"line":65,"column":37}},"loc":{"start":{"line":65,"column":49},"end":{"line":68,"column":12}},"line":65},"4":{"name":"(anonymous_4)","decl":{"start":{"line":77,"column":34},"end":{"line":77,"column":35}},"loc":{"start":{"line":77,"column":46},"end":{"line":80,"column":12}},"line":77}},"branchMap":{"0":{"loc":{"start":{"line":42,"column":4},"end":{"line":44,"column":null}},"type":"if","locations":[{"start":{"line":42,"column":4},"end":{"line":44,"column":null}},{"start":{},"end":{}}],"line":42},"1":{"loc":{"start":{"line":57,"column":8},"end":{"line":81,"column":null}},"type":"if","locations":[{"start":{"line":57,"column":8},"end":{"line":81,"column":null}},{"start":{"line":69,"column":8},"end":{"line":81,"column":null}}],"line":57},"2":{"loc":{"start":{"line":69,"column":8},"end":{"line":81,"column":null}},"type":"if","locations":[{"start":{"line":69,"column":8},"end":{"line":81,"column":null}},{"start":{},"end":{}}],"line":69}},"s":{"0":5,"1":5,"2":5,"3":5,"4":5,"5":5,"6":1,"7":4,"8":4,"9":4,"10":4,"11":4,"12":1,"13":1,"14":1,"15":3,"16":2,"17":2,"18":2,"19":1,"20":4,"21":4},"f":{"0":5,"1":5,"2":4,"3":1,"4":2},"b":{"0":[1,4],"1":[1,3],"2":[2,1]},"meta":{"lastBranch":3,"lastFunction":5,"lastStatement":22,"seen":{"f:26:2:26:Infinity":0,"s:27:12:27:Infinity":0,"s:28:12:28:Infinity":1,"s:29:12:29:Infinity":2,"s:30:12:30:Infinity":3,"f:33:8:33:16":1,"s:40:17:40:Infinity":4,"b:42:4:44:Infinity:undefined:undefined:undefined:undefined":0,"s:42:4:44:Infinity":5,"s:43:6:43:Infinity":6,"s:46:10:46:Infinity":7,"s:47:22:47:Infinity":8,"s:49:22:53:Infinity":9,"s:55:26:84:Infinity":10,"f:56:20:56:27":2,"b:57:8:81:Infinity:69:8:81:Infinity":1,"s:57:8:81:Infinity":11,"s:59:12:63:Infinity":12,"s:65:10:68:Infinity":13,"f:65:36:65:37":3,"s:65:49:68:12":14,"b:69:8:81:Infinity:undefined:undefined:undefined:undefined":2,"s:69:8:81:Infinity":15,"s:71:12:75:Infinity":16,"s:77:10:80:Infinity":17,"f:77:34:77:35":4,"s:77:46:80:12":18,"s:82:8:82:Infinity":19,"s:86:20:86:Infinity":20,"s:88:4:88:Infinity":21}}}
,"/home/arthur/projetos/api-spotify/api-spotify-backend/src/services/refresh-token.ts": {"path":"/home/arthur/projetos/api-spotify/api-spotify-backend/src/services/refresh-token.ts","statementMap":{"0":{"start":{"line":18,"column":12},"end":{"line":18,"column":null}},"1":{"start":{"line":19,"column":12},"end":{"line":19,"column":null}},"2":{"start":{"line":27,"column":4},"end":{"line":27,"column":null}},"3":{"start":{"line":29,"column":4},"end":{"line":31,"column":null}},"4":{"start":{"line":30,"column":6},"end":{"line":30,"column":null}},"5":{"start":{"line":33,"column":29},"end":{"line":33,"column":null}},"6":{"start":{"line":35,"column":26},"end":{"line":37,"column":null}},"7":{"start":{"line":39,"column":4},"end":{"line":41,"column":null}},"8":{"start":{"line":40,"column":6},"end":{"line":40,"column":null}},"9":{"start":{"line":43,"column":57},"end":{"line":43,"column":null}},"10":{"start":{"line":45,"column":27},"end":{"line":45,"column":null}},"11":{"start":{"line":47,"column":4},"end":{"line":47,"column":null}},"12":{"start":{"line":48,"column":4},"end":{"line":48,"column":null}},"13":{"start":{"line":49,"column":4},"end":{"line":49,"column":null}},"14":{"start":{"line":51,"column":4},"end":{"line":51,"column":null}},"15":{"start":{"line":53,"column":4},"end":{"line":53,"column":null}}},"fnMap":{"0":{"name":"(anonymous_0)","decl":{"start":{"line":17,"column":2},"end":{"line":17,"column":null}},"loc":{"start":{"line":20,"column":4},"end":{"line":20,"column":null}},"line":20},"1":{"name":"(anonymous_1)","decl":{"start":{"line":22,"column":8},"end":{"line":22,"column":16}},"loc":{"start":{"line":24,"column":71},"end":{"line":54,"column":null}},"line":24}},"branchMap":{"0":{"loc":{"start":{"line":29,"column":4},"end":{"line":31,"column":null}},"type":"if","locations":[{"start":{"line":29,"column":4},"end":{"line":31,"column":null}},{"start":{},"end":{}}],"line":29},"1":{"loc":{"start":{"line":39,"column":4},"end":{"line":41,"column":null}},"type":"if","locations":[{"start":{"line":39,"column":4},"end":{"line":41,"column":null}},{"start":{},"end":{}}],"line":39},"2":{"loc":{"start":{"line":49,"column":24},"end":{"line":49,"column":null}},"type":"cond-expr","locations":[{"start":{"line":49,"column":42},"end":{"line":49,"column":60}},{"start":{"line":49,"column":60},"end":{"line":49,"column":null}}],"line":49}},"s":{"0":6,"1":6,"2":6,"3":6,"4":1,"5":5,"6":5,"7":5,"8":1,"9":4,"10":4,"11":4,"12":4,"13":4,"14":6,"15":4},"f":{"0":6,"1":6},"b":{"0":[1,5],"1":[1,4],"2":[3,1]},"meta":{"lastBranch":3,"lastFunction":2,"lastStatement":16,"seen":{"f:17:2:17:Infinity":0,"s:18:12:18:Infinity":0,"s:19:12:19:Infinity":1,"f:22:8:22:16":1,"s:27:4:27:Infinity":2,"b:29:4:31:Infinity:undefined:undefined:undefined:undefined":0,"s:29:4:31:Infinity":3,"s:30:6:30:Infinity":4,"s:33:29:33:Infinity":5,"s:35:26:37:Infinity":6,"b:39:4:41:Infinity:undefined:undefined:undefined:undefined":1,"s:39:4:41:Infinity":7,"s:40:6:40:Infinity":8,"s:43:57:43:Infinity":9,"s:45:27:45:Infinity":10,"s:47:4:47:Infinity":11,"s:48:4:48:Infinity":12,"s:49:4:49:Infinity":13,"b:49:42:49:60:49:60:49:Infinity":2,"s:51:4:51:Infinity":14,"s:53:4:53:Infinity":15}}}
,"/home/arthur/projetos/api-spotify/api-spotify-backend/src/services/sync-top-stats.ts": {"path":"/home/arthur/projetos/api-spotify/api-spotify-backend/src/services/sync-top-stats.ts","statementMap":{"0":{"start":{"line":26,"column":16},"end":{"line":26,"column":null}},"1":{"start":{"line":27,"column":2},"end":{"line":31,"column":null}},"2":{"start":{"line":35,"column":16},"end":{"line":35,"column":null}},"3":{"start":{"line":36,"column":2},"end":{"line":41,"column":null}},"4":{"start":{"line":49,"column":2},"end":{"line":54,"column":null}},"5":{"start":{"line":62,"column":2},"end":{"line":67,"column":null}},"6":{"start":{"line":72,"column":12},"end":{"line":72,"column":null}},"7":{"start":{"line":73,"column":12},"end":{"line":73,"column":null}},"8":{"start":{"line":74,"column":12},"end":{"line":74,"column":null}},"9":{"start":{"line":75,"column":12},"end":{"line":75,"column":null}},"10":{"start":{"line":76,"column":12},"end":{"line":76,"column":null}},"11":{"start":{"line":77,"column":12},"end":{"line":77,"column":null}},"12":{"start":{"line":78,"column":12},"end":{"line":78,"column":null}},"13":{"start":{"line":84,"column":17},"end":{"line":84,"column":null}},"14":{"start":{"line":86,"column":4},"end":{"line":88,"column":null}},"15":{"start":{"line":87,"column":6},"end":{"line":87,"column":null}},"16":{"start":{"line":90,"column":4},"end":{"line":97,"column":null}},"17":{"start":{"line":91,"column":27},"end":{"line":94,"column":null}},"18":{"start":{"line":96,"column":6},"end":{"line":96,"column":null}},"19":{"start":{"line":99,"column":29},"end":{"line":102,"column":null}},"20":{"start":{"line":104,"column":4},"end":{"line":106,"column":null}},"21":{"start":{"line":105,"column":6},"end":{"line":105,"column":null}},"22":{"start":{"line":108,"column":31},"end":{"line":108,"column":null}},"23":{"start":{"line":109,"column":30},"end":{"line":109,"column":null}},"24":{"start":{"line":110,"column":28},"end":{"line":110,"column":null}},"25":{"start":{"line":111,"column":27},"end":{"line":111,"column":null}},"26":{"start":{"line":113,"column":21},"end":{"line":113,"column":null}},"27":{"start":{"line":115,"column":20},"end":{"line":115,"column":null}},"28":{"start":{"line":116,"column":19},"end":{"line":116,"column":null}},"29":{"start":{"line":118,"column":26},"end":{"line":120,"column":null}},"30":{"start":{"line":119,"column":6},"end":{"line":119,"column":null}},"31":{"start":{"line":122,"column":26},"end":{"line":124,"column":null}},"32":{"start":{"line":123,"column":6},"end":{"line":123,"column":null}},"33":{"start":{"line":126,"column":4},"end":{"line":126,"column":null}},"34":{"start":{"line":127,"column":4},"end":{"line":127,"column":null}},"35":{"start":{"line":129,"column":18},"end":{"line":129,"column":null}},"36":{"start":{"line":130,"column":4},"end":{"line":130,"column":null}}},"fnMap":{"0":{"name":"mapExternalArtistToArtist","decl":{"start":{"line":25,"column":9},"end":{"line":25,"column":35}},"loc":{"start":{"line":25,"column":61},"end":{"line":32,"column":null}},"line":25},"1":{"name":"mapExternalTrackToTrack","decl":{"start":{"line":34,"column":9},"end":{"line":34,"column":33}},"loc":{"start":{"line":34,"column":57},"end":{"line":42,"column":null}},"line":34},"2":{"name":"mapExternalArtisToArtistRanking","decl":{"start":{"line":44,"column":9},"end":{"line":44,"column":null}},"loc":{"start":{"line":48,"column":2},"end":{"line":55,"column":null}},"line":48},"3":{"name":"mapExternalTracksToTrackstRanking","decl":{"start":{"line":57,"column":9},"end":{"line":57,"column":null}},"loc":{"start":{"line":61,"column":2},"end":{"line":68,"column":null}},"line":61},"4":{"name":"(anonymous_4)","decl":{"start":{"line":71,"column":2},"end":{"line":71,"column":null}},"loc":{"start":{"line":79,"column":4},"end":{"line":79,"column":null}},"line":79},"5":{"name":"(anonymous_5)","decl":{"start":{"line":81,"column":8},"end":{"line":81,"column":16}},"loc":{"start":{"line":83,"column":71},"end":{"line":131,"column":null}},"line":83},"6":{"name":"(anonymous_6)","decl":{"start":{"line":118,"column":38},"end":{"line":118,"column":39}},"loc":{"start":{"line":119,"column":6},"end":{"line":119,"column":null}},"line":119},"7":{"name":"(anonymous_7)","decl":{"start":{"line":122,"column":37},"end":{"line":122,"column":38}},"loc":{"start":{"line":123,"column":6},"end":{"line":123,"column":null}},"line":123}},"branchMap":{"0":{"loc":{"start":{"line":26,"column":16},"end":{"line":26,"column":null}},"type":"binary-expr","locations":[{"start":{"line":26,"column":16},"end":{"line":26,"column":45}},{"start":{"line":26,"column":45},"end":{"line":26,"column":null}}],"line":26},"1":{"loc":{"start":{"line":35,"column":16},"end":{"line":35,"column":null}},"type":"binary-expr","locations":[{"start":{"line":35,"column":16},"end":{"line":35,"column":52}},{"start":{"line":35,"column":52},"end":{"line":35,"column":null}}],"line":35},"2":{"loc":{"start":{"line":86,"column":4},"end":{"line":88,"column":null}},"type":"if","locations":[{"start":{"line":86,"column":4},"end":{"line":88,"column":null}},{"start":{},"end":{}}],"line":86},"3":{"loc":{"start":{"line":90,"column":4},"end":{"line":97,"column":null}},"type":"if","locations":[{"start":{"line":90,"column":4},"end":{"line":97,"column":null}},{"start":{},"end":{}}],"line":90},"4":{"loc":{"start":{"line":104,"column":4},"end":{"line":106,"column":null}},"type":"if","locations":[{"start":{"line":104,"column":4},"end":{"line":106,"column":null}},{"start":{},"end":{}}],"line":104}},"s":{"0":6,"1":6,"2":6,"3":6,"4":6,"5":6,"6":4,"7":4,"8":4,"9":4,"10":4,"11":4,"12":4,"13":4,"14":4,"15":1,"16":3,"17":2,"18":2,"19":3,"20":3,"21":1,"22":2,"23":2,"24":2,"25":2,"26":2,"27":2,"28":2,"29":2,"30":6,"31":2,"32":6,"33":2,"34":2,"35":2,"36":2},"f":{"0":6,"1":6,"2":6,"3":6,"4":4,"5":4,"6":6,"7":6},"b":{"0":[6,0],"1":[6,0],"2":[1,3],"3":[2,1],"4":[1,2]},"meta":{"lastBranch":5,"lastFunction":8,"lastStatement":37,"seen":{"f:25:9:25:35":0,"s:26:16:26:Infinity":0,"b:26:16:26:45:26:45:26:Infinity":0,"s:27:2:31:Infinity":1,"f:34:9:34:33":1,"s:35:16:35:Infinity":2,"b:35:16:35:52:35:52:35:Infinity":1,"s:36:2:41:Infinity":3,"f:44:9:44:Infinity":2,"s:49:2:54:Infinity":4,"f:57:9:57:Infinity":3,"s:62:2:67:Infinity":5,"f:71:2:71:Infinity":4,"s:72:12:72:Infinity":6,"s:73:12:73:Infinity":7,"s:74:12:74:Infinity":8,"s:75:12:75:Infinity":9,"s:76:12:76:Infinity":10,"s:77:12:77:Infinity":11,"s:78:12:78:Infinity":12,"f:81:8:81:16":5,"s:84:17:84:Infinity":13,"b:86:4:88:Infinity:undefined:undefined:undefined:undefined":2,"s:86:4:88:Infinity":14,"s:87:6:87:Infinity":15,"b:90:4:97:Infinity:undefined:undefined:undefined:undefined":3,"s:90:4:97:Infinity":16,"s:91:27:94:Infinity":17,"s:96:6:96:Infinity":18,"s:99:29:102:Infinity":19,"b:104:4:106:Infinity:undefined:undefined:undefined:undefined":4,"s:104:4:106:Infinity":20,"s:105:6:105:Infinity":21,"s:108:31:108:Infinity":22,"s:109:30:109:Infinity":23,"s:110:28:110:Infinity":24,"s:111:27:111:Infinity":25,"s:113:21:113:Infinity":26,"s:115:20:115:Infinity":27,"s:116:19:116:Infinity":28,"s:118:26:120:Infinity":29,"f:118:38:118:39":6,"s:119:6:119:Infinity":30,"s:122:26:124:Infinity":31,"f:122:37:122:38":7,"s:123:6:123:Infinity":32,"s:126:4:126:Infinity":33,"s:127:4:127:Infinity":34,"s:129:18:129:Infinity":35,"s:130:4:130:Infinity":36}}}
,"/home/arthur/projetos/api-spotify/api-spotify-backend/src/services/errors/authentication-Error.ts": {"path":"/home/arthur/projetos/api-spotify/api-spotify-backend/src/services/errors/authentication-Error.ts","statementMap":{"0":{"start":{"line":3,"column":4},"end":{"line":3,"column":null}}},"fnMap":{"0":{"name":"(anonymous_0)","decl":{"start":{"line":2,"column":2},"end":{"line":2,"column":16}},"loc":{"start":{"line":2,"column":16},"end":{"line":4,"column":null}},"line":2}},"branchMap":{},"s":{"0":1},"f":{"0":1},"b":{},"meta":{"lastBranch":0,"lastFunction":1,"lastStatement":1,"seen":{"f:2:2:2:16":0,"s:3:4:3:Infinity":0}}}
,"/home/arthur/projetos/api-spotify/api-spotify-backend/src/services/errors/get-profile-error.ts": {"path":"/home/arthur/projetos/api-spotify/api-spotify-backend/src/services/errors/get-profile-error.ts","statementMap":{"0":{"start":{"line":3,"column":4},"end":{"line":3,"column":null}}},"fnMap":{"0":{"name":"(anonymous_0)","decl":{"start":{"line":2,"column":2},"end":{"line":2,"column":16}},"loc":{"start":{"line":2,"column":16},"end":{"line":4,"column":null}},"line":2}},"branchMap":{},"s":{"0":1},"f":{"0":1},"b":{},"meta":{"lastBranch":0,"lastFunction":1,"lastStatement":1,"seen":{"f:2:2:2:16":0,"s:3:4:3:Infinity":0}}}
,"/home/arthur/projetos/api-spotify/api-spotify-backend/src/services/errors/refresh-token-expired-error.ts": {"path":"/home/arthur/projetos/api-spotify/api-spotify-backend/src/services/errors/refresh-token-expired-error.ts","statementMap":{"0":{"start":{"line":3,"column":4},"end":{"line":3,"column":null}}},"fnMap":{"0":{"name":"(anonymous_0)","decl":{"start":{"line":2,"column":2},"end":{"line":2,"column":16}},"loc":{"start":{"line":2,"column":16},"end":{"line":4,"column":null}},"line":2}},"branchMap":{},"s":{"0":1},"f":{"0":1},"b":{},"meta":{"lastBranch":0,"lastFunction":1,"lastStatement":1,"seen":{"f:2:2:2:16":0,"s:3:4:3:Infinity":0}}}
,"/home/arthur/projetos/api-spotify/api-spotify-backend/src/services/errors/sync-already-done-error.ts": {"path":"/home/arthur/projetos/api-spotify/api-spotify-backend/src/services/errors/sync-already-done-error.ts","statementMap":{"0":{"start":{"line":3,"column":4},"end":{"line":3,"column":null}}},"fnMap":{"0":{"name":"(anonymous_0)","decl":{"start":{"line":2,"column":2},"end":{"line":2,"column":16}},"loc":{"start":{"line":2,"column":16},"end":{"line":4,"column":null}},"line":2}},"branchMap":{},"s":{"0":1},"f":{"0":1},"b":{},"meta":{"lastBranch":0,"lastFunction":1,"lastStatement":1,"seen":{"f:2:2:2:16":0,"s:3:4:3:Infinity":0}}}
,"/home/arthur/projetos/api-spotify/api-spotify-backend/src/services/errors/user- not-found-erro.ts": {"path":"/home/arthur/projetos/api-spotify/api-spotify-backend/src/services/errors/user- not-found-erro.ts","statementMap":{"0":{"start":{"line":3,"column":4},"end":{"line":3,"column":null}}},"fnMap":{"0":{"name":"(anonymous_0)","decl":{"start":{"line":2,"column":2},"end":{"line":2,"column":16}},"loc":{"start":{"line":2,"column":16},"end":{"line":4,"column":null}},"line":2}},"branchMap":{},"s":{"0":3},"f":{"0":3},"b":{},"meta":{"lastBranch":0,"lastFunction":1,"lastStatement":1,"seen":{"f:2:2:2:16":0,"s:3:4:3:Infinity":0}}}
}
